TN:
SF:/home/badquanta/Projects/pixeldeck/bin/pixeldeck-mkMap.js
FN:8,(anonymous_0)
FNF:1
FNH:0
FNDA:0,(anonymous_0)
DA:2,0
DA:3,0
DA:4,0
DA:9,0
DA:10,0
DA:11,0
DA:12,0
DA:13,0
DA:15,0
DA:16,0
DA:17,0
DA:18,0
DA:19,0
DA:20,0
DA:21,0
DA:26,0
DA:27,0
DA:32,0
DA:37,0
DA:38,0
DA:39,0
DA:40,0
DA:42,0
LF:23
LH:0
BRDA:10,0,0,0
BRDA:10,0,1,0
BRDA:12,1,0,0
BRDA:12,1,1,0
BRDA:37,2,0,0
BRDA:37,2,1,0
BRF:6
BRH:0
end_of_record
TN:
SF:/home/badquanta/Projects/pixeldeck/bin/pixeldeck-mkSet.js
FN:16,mkSet
FNF:1
FNH:0
FNDA:0,mkSet
DA:2,0
DA:3,0
DA:4,0
DA:6,0
DA:7,0
DA:8,0
DA:9,0
DA:14,0
DA:17,0
DA:19,0
DA:20,0
DA:21,0
DA:22,0
DA:23,0
DA:25,0
DA:26,0
DA:27,0
DA:29,0
DA:30,0
DA:31,0
DA:32,0
DA:34,0
DA:41,0
DA:42,0
DA:44,0
DA:46,0
DA:49,0
DA:50,0
LF:28
LH:0
BRDA:4,0,0,0
BRDA:4,0,1,0
BRDA:22,1,0,0
BRDA:22,1,1,0
BRDA:22,2,0,0
BRDA:22,2,1,0
BRDA:26,3,0,0
BRDA:26,3,1,0
BRDA:41,4,0,0
BRDA:41,4,1,0
BRDA:49,5,0,0
BRDA:49,5,1,0
BRF:12
BRH:0
end_of_record
TN:
SF:/home/badquanta/Projects/pixeldeck/bin/pixeldeck-serve.js
FNF:0
FNH:0
DA:2,0
DA:3,0
DA:4,0
DA:5,0
LF:4
LH:0
BRDA:5,0,0,0
BRDA:5,0,1,0
BRF:2
BRH:0
end_of_record
TN:
SF:/home/badquanta/Projects/pixeldeck/lib/arch.js
FN:12,(anonymous_0)
FN:21,(anonymous_1)
FN:30,(anonymous_2)
FN:36,(anonymous_3)
FN:40,(anonymous_4)
FN:44,(anonymous_5)
FN:55,(anonymous_6)
FN:58,(anonymous_7)
FN:59,(anonymous_8)
FN:75,(anonymous_9)
FN:99,(anonymous_10)
FN:104,(anonymous_11)
FNF:12
FNH:0
FNDA:0,(anonymous_0)
FNDA:0,(anonymous_1)
FNDA:0,(anonymous_2)
FNDA:0,(anonymous_3)
FNDA:0,(anonymous_4)
FNDA:0,(anonymous_5)
FNDA:0,(anonymous_6)
FNDA:0,(anonymous_7)
FNDA:0,(anonymous_8)
FNDA:0,(anonymous_9)
FNDA:0,(anonymous_10)
FNDA:0,(anonymous_11)
DA:6,0
DA:13,0
DA:22,0
DA:31,0
DA:37,0
DA:41,0
DA:45,0
DA:56,0
DA:59,0
DA:60,0
DA:76,0
DA:77,0
DA:78,0
DA:79,0
DA:81,0
DA:83,0
DA:84,0
DA:85,0
DA:86,0
DA:87,0
DA:88,0
DA:90,0
DA:100,0
DA:101,0
DA:102,0
DA:104,0
DA:105,0
DA:106,0
DA:109,0
DA:111,0
DA:112,0
DA:114,0
DA:117,0
LF:33
LH:0
BRDA:75,0,0,0
BRDA:77,1,0,0
BRDA:77,1,1,0
BRDA:86,2,0,0
BRDA:86,2,1,0
BRDA:102,3,0,0
BRDA:102,3,1,0
BRDA:102,3,2,0
BRDA:105,4,0,0
BRDA:105,4,1,0
BRF:10
BRH:0
end_of_record
TN:
SF:/home/badquanta/Projects/pixeldeck/lib/cfg.js
FNF:0
FNH:0
DA:6,8
DA:7,8
DA:14,8
DA:15,8
LF:4
LH:4
BRDA:6,0,0,8
BRDA:6,0,1,0
BRF:2
BRH:1
end_of_record
TN:
SF:/home/badquanta/Projects/pixeldeck/lib/cli.js
FN:8,(anonymous_0)
FN:10,(anonymous_1)
FN:12,(anonymous_2)
FNF:3
FNH:0
FNDA:0,(anonymous_0)
FNDA:0,(anonymous_1)
FNDA:0,(anonymous_2)
DA:6,0
DA:8,0
DA:10,0
DA:12,0
DA:15,0
LF:5
LH:0
BRF:0
BRH:0
end_of_record
TN:
SF:/home/badquanta/Projects/pixeldeck/lib/data.js
FN:37,disknex
FNF:1
FNH:1
FNDA:40,disknex
DA:1,76
DA:2,76
DA:15,76
DA:16,76
DA:18,76
DA:19,76
DA:24,44
DA:27,44
DA:28,44
DA:29,44
DA:30,44
DA:31,44
DA:38,40
DA:39,40
DA:40,40
DA:41,40
LF:16
LH:16
BRF:0
BRH:0
end_of_record
TN:
SF:/home/badquanta/Projects/pixeldeck/lib/dbg.js
FN:10,specialLog
FNF:1
FNH:0
FNDA:0,specialLog
DA:8,8
DA:9,8
DA:10,8
DA:11,0
DA:12,0
DA:13,0
DA:14,0
DA:15,0
DA:17,0
LF:9
LH:3
BRDA:14,0,0,0
BRDA:14,0,1,0
BRF:2
BRH:0
end_of_record
TN:
SF:/home/badquanta/Projects/pixeldeck/lib/mdl.js
FN:22,(anonymous_0)
FN:24,(anonymous_1)
FN:37,(anonymous_2)
FN:38,(anonymous_3)
FN:54,(anonymous_4)
FN:55,(anonymous_5)
FN:62,(anonymous_6)
FN:63,(anonymous_7)
FNF:8
FNH:6
FNDA:64,(anonymous_0)
FNDA:64,(anonymous_1)
FNDA:8,(anonymous_2)
FNDA:64,(anonymous_3)
FNDA:8,(anonymous_4)
FNDA:64,(anonymous_5)
FNDA:0,(anonymous_6)
FNDA:0,(anonymous_7)
DA:5,8
DA:22,8
DA:23,64
DA:25,64
DA:28,64
DA:36,8
DA:38,64
DA:40,8
DA:47,8
DA:48,8
DA:54,8
DA:55,64
DA:62,8
DA:63,0
DA:66,8
LF:15
LH:14
BRDA:54,0,0,8
BRDA:62,1,0,0
BRF:2
BRH:1
end_of_record
TN:
SF:/home/badquanta/Projects/pixeldeck/lib/server.js
FN:25,(anonymous_0)
FN:26,(anonymous_1)
FN:27,(anonymous_2)
FN:28,(anonymous_3)
FN:29,(anonymous_4)
FN:30,(anonymous_5)
FN:31,(anonymous_6)
FN:40,Restart
FN:51,(anonymous_8)
FN:73,Start
FN:82,onListening
FN:112,Stop
FN:119,(anonymous_12)
FN:120,(anonymous_13)
FN:128,(anonymous_14)
FN:131,(anonymous_15)
FN:133,(anonymous_16)
FN:137,(anonymous_17)
FNF:18
FNH:10
FNDA:0,(anonymous_0)
FNDA:0,(anonymous_1)
FNDA:0,(anonymous_2)
FNDA:0,(anonymous_3)
FNDA:0,(anonymous_4)
FNDA:0,(anonymous_5)
FNDA:0,(anonymous_6)
FNDA:4,Restart
FNDA:5880,(anonymous_8)
FNDA:8,Start
FNDA:4,onListening
FNDA:8,Stop
FNDA:8,(anonymous_12)
FNDA:8,(anonymous_13)
FNDA:8,(anonymous_14)
FNDA:8,(anonymous_15)
FNDA:0,(anonymous_16)
FNDA:8,(anonymous_17)
DA:6,8
DA:12,8
DA:18,8
DA:19,8
DA:20,8
DA:21,8
DA:23,8
DA:25,8
DA:26,8
DA:27,8
DA:28,8
DA:29,8
DA:30,8
DA:31,8
DA:45,4
DA:46,4
DA:47,4
DA:48,4
DA:50,4
DA:51,4
DA:52,5880
DA:53,5872
DA:56,4
DA:63,0
DA:64,0
DA:65,0
DA:78,8
DA:79,8
DA:80,8
DA:81,4
DA:82,4
DA:83,4
DA:85,4
DA:86,0
DA:87,0
DA:88,0
DA:103,4
DA:104,4
DA:117,8
DA:118,8
DA:120,8
DA:121,8
DA:122,4
DA:124,4
DA:129,8
DA:132,8
DA:133,8
DA:134,0
DA:142,8
DA:146,8
LF:50
LH:43
BRDA:52,0,0,5872
BRDA:52,0,1,8
BRDA:85,1,0,0
BRDA:85,1,1,4
BRDA:121,2,0,4
BRDA:121,2,1,4
BRF:6
BRH:5
end_of_record
TN:
SF:/home/badquanta/Projects/pixeldeck/lib/service.js
FNF:0
FNH:0
DA:5,8
DA:14,8
DA:16,8
DA:18,8
DA:19,8
DA:20,8
DA:21,8
DA:22,8
DA:23,8
DA:24,8
DA:25,8
DA:26,8
DA:27,8
DA:28,8
DA:29,8
LF:15
LH:15
BRF:0
BRH:0
end_of_record
TN:
SF:/home/badquanta/Projects/pixeldeck/lib/cli/Cmd.js
FN:32,(anonymous_0)
FN:41,(anonymous_1)
FN:48,(anonymous_2)
FN:56,(anonymous_3)
FNF:4
FNH:0
FNDA:0,(anonymous_0)
FNDA:0,(anonymous_1)
FNDA:0,(anonymous_2)
FNDA:0,(anonymous_3)
DA:8,0
DA:14,0
DA:33,0
DA:34,0
DA:35,0
DA:42,0
DA:49,0
DA:57,0
DA:58,0
DA:61,0
DA:62,0
LF:11
LH:0
BRDA:56,0,0,0
BRF:1
BRH:0
end_of_record
TN:
SF:/home/badquanta/Projects/pixeldeck/lib/cli/MakeMap.js
FN:22,MakeMap
FNF:1
FNH:0
FNDA:0,MakeMap
DA:1,0
DA:2,0
DA:3,0
DA:7,0
DA:23,0
DA:24,0
DA:25,0
DA:26,0
DA:27,0
DA:29,0
DA:30,0
DA:31,0
DA:33,0
DA:34,0
LF:14
LH:0
BRDA:26,0,0,0
BRDA:26,0,1,0
BRDA:29,1,0,0
BRDA:29,1,1,0
BRDA:30,2,0,0
BRDA:30,2,1,0
BRDA:30,3,0,0
BRDA:30,3,1,0
BRF:8
BRH:0
end_of_record
TN:
SF:/home/badquanta/Projects/pixeldeck/lib/cli/MakeSet.js
FN:14,(anonymous_0)
FN:22,(anonymous_1)
FNF:2
FNH:0
FNDA:0,(anonymous_0)
FNDA:0,(anonymous_1)
DA:2,0
DA:4,0
DA:15,0
DA:16,0
DA:23,0
DA:24,0
DA:25,0
DA:26,0
DA:27,0
DA:28,0
DA:30,0
DA:31,0
DA:32,0
DA:34,0
DA:35,0
DA:36,0
DA:37,0
DA:39,0
DA:46,0
DA:47,0
DA:49,0
DA:51,0
DA:54,0
DA:55,0
LF:24
LH:0
BRDA:27,0,0,0
BRDA:27,0,1,0
BRDA:27,1,0,0
BRDA:27,1,1,0
BRDA:31,2,0,0
BRDA:31,2,1,0
BRDA:46,3,0,0
BRDA:46,3,1,0
BRF:8
BRH:0
end_of_record
TN:
SF:/home/badquanta/Projects/pixeldeck/lib/cli/Serve.js
FN:17,(anonymous_0)
FN:21,(anonymous_1)
FN:24,(anonymous_2)
FN:32,(anonymous_3)
FNF:4
FNH:0
FNDA:0,(anonymous_0)
FNDA:0,(anonymous_1)
FNDA:0,(anonymous_2)
FNDA:0,(anonymous_3)
DA:18,0
DA:19,0
DA:20,0
DA:21,0
DA:22,0
DA:24,0
DA:25,0
DA:33,0
DA:34,0
DA:35,0
DA:36,0
DA:39,0
DA:40,0
DA:41,0
DA:42,0
LF:15
LH:0
BRDA:40,0,0,0
BRDA:40,0,1,0
BRF:2
BRH:0
end_of_record
TN:
SF:/home/badquanta/Projects/pixeldeck/lib/cli/_MakeCmd.js
FN:12,(anonymous_0)
FN:21,(anonymous_1)
FN:31,(anonymous_2)
FN:35,(anonymous_3)
FN:41,(anonymous_4)
FN:42,(anonymous_5)
FN:43,(anonymous_6)
FN:49,(anonymous_7)
FNF:8
FNH:0
FNDA:0,(anonymous_0)
FNDA:0,(anonymous_1)
FNDA:0,(anonymous_2)
FNDA:0,(anonymous_3)
FNDA:0,(anonymous_4)
FNDA:0,(anonymous_5)
FNDA:0,(anonymous_6)
FNDA:0,(anonymous_7)
DA:5,0
DA:6,0
DA:7,0
DA:13,0
DA:14,0
DA:15,0
DA:16,0
DA:17,0
DA:18,0
DA:22,0
DA:23,0
DA:24,0
DA:25,0
DA:27,0
DA:28,0
DA:32,0
DA:36,0
DA:37,0
DA:38,0
DA:42,0
DA:43,0
DA:44,0
DA:50,0
DA:51,0
DA:62,0
DA:63,0
DA:64,0
DA:65,0
DA:66,0
DA:67,0
DA:70,0
DA:71,0
LF:32
LH:0
BRDA:23,0,0,0
BRDA:23,0,1,0
BRDA:24,1,0,0
BRDA:24,1,1,0
BRDA:36,2,0,0
BRDA:36,2,1,0
BRDA:49,3,0,0
BRF:7
BRH:0
end_of_record
TN:
SF:/home/badquanta/Projects/pixeldeck/lib/mdl/TiledChunk.js
FN:36,(anonymous_0)
FNF:1
FNH:1
FNDA:5,(anonymous_0)
DA:37,5
DA:38,5
DA:39,5
DA:40,5
DA:41,5
DA:42,5
DA:43,5
DA:44,5
DA:47,4
DA:48,4
LF:10
LH:10
BRF:0
BRH:0
end_of_record
TN:
SF:/home/badquanta/Projects/pixeldeck/lib/mdl/TiledFile.js
FN:22,(anonymous_0)
FN:31,(anonymous_1)
FN:32,testEachSearchPath
FN:42,(anonymous_3)
FN:46,(anonymous_4)
FN:51,(anonymous_5)
FN:55,(anonymous_6)
FN:63,(anonymous_7)
FN:76,(anonymous_8)
FN:83,(anonymous_9)
FN:104,(anonymous_10)
FN:124,(anonymous_11)
FNF:12
FNH:11
FNDA:16,(anonymous_0)
FNDA:16,(anonymous_1)
FNDA:16,testEachSearchPath
FNDA:16,(anonymous_3)
FNDA:4,(anonymous_4)
FNDA:4,(anonymous_5)
FNDA:8,(anonymous_6)
FNDA:0,(anonymous_7)
FNDA:4,(anonymous_8)
FNDA:4,(anonymous_9)
FNDA:4,(anonymous_10)
FNDA:4,(anonymous_11)
DA:1,8
DA:23,16
DA:32,16
DA:33,16
DA:35,16
DA:36,0
DA:38,16
DA:43,16
DA:47,4
DA:48,4
DA:52,4
DA:55,8
DA:63,0
DA:77,4
DA:84,4
DA:85,4
DA:86,4
DA:87,4
DA:88,4
DA:95,4
DA:97,0
DA:100,0
DA:105,4
DA:106,4
DA:107,4
DA:108,4
DA:109,4
DA:110,4
DA:111,4
DA:112,4
DA:114,0
DA:117,4
DA:125,4
DA:126,4
DA:129,4
DA:130,4
DA:131,4
DA:132,4
DA:133,4
DA:134,4
DA:135,4
DA:136,4
DA:137,4
DA:138,4
DA:142,8
DA:143,8
LF:46
LH:41
BRDA:35,0,0,0
BRDA:35,0,1,16
BRDA:85,1,0,4
BRDA:85,1,1,0
BRDA:85,2,0,4
BRDA:85,2,1,0
BRDA:86,3,0,4
BRDA:86,3,1,0
BRDA:107,4,0,4
BRDA:107,4,1,0
BRDA:109,5,0,4
BRDA:109,5,1,0
BRF:12
BRH:6
end_of_record
TN:
SF:/home/badquanta/Projects/pixeldeck/lib/mdl/TiledFrame.js
FN:11,(anonymous_0)
FNF:1
FNH:1
FNDA:4,(anonymous_0)
DA:1,4
DA:12,4
DA:13,4
DA:14,4
DA:15,4
DA:16,4
DA:20,4
DA:21,4
LF:8
LH:8
BRF:0
BRH:0
end_of_record
TN:
SF:/home/badquanta/Projects/pixeldeck/lib/mdl/TiledLayer.js
FN:34,(anonymous_0)
FN:65,(anonymous_1)
FN:93,(anonymous_2)
FN:105,(anonymous_3)
FN:117,(anonymous_4)
FN:125,(anonymous_5)
FN:133,(anonymous_6)
FNF:7
FNH:7
FNDA:3,(anonymous_0)
FNDA:4,(anonymous_1)
FNDA:4,(anonymous_2)
FNDA:4,(anonymous_3)
FNDA:8,(anonymous_4)
FNDA:8,(anonymous_5)
FNDA:8,(anonymous_6)
DA:1,8
DA:35,3
DA:36,3
DA:37,3
DA:38,3
DA:39,3
DA:40,3
DA:41,3
DA:42,3
DA:44,3
DA:45,3
DA:46,3
DA:47,3
DA:48,3
DA:50,3
DA:51,3
DA:52,3
DA:54,3
DA:55,3
DA:56,3
DA:57,3
DA:58,3
DA:60,3
DA:61,3
DA:62,3
DA:66,4
DA:67,4
DA:94,4
DA:95,4
DA:106,4
DA:117,8
DA:125,8
DA:133,8
DA:142,8
DA:143,8
LF:35
LH:35
BRF:0
BRH:0
end_of_record
TN:
SF:/home/badquanta/Projects/pixeldeck/lib/mdl/TiledMap.js
FN:31,(anonymous_0)
FN:56,(anonymous_1)
FN:77,(anonymous_2)
FN:112,(anonymous_3)
FN:117,(anonymous_4)
FN:125,(anonymous_5)
FN:133,(anonymous_6)
FN:141,(anonymous_7)
FN:145,(anonymous_8)
FNF:9
FNH:7
FNDA:6,(anonymous_0)
FNDA:6,(anonymous_1)
FNDA:4,(anonymous_2)
FNDA:4,(anonymous_3)
FNDA:8,(anonymous_4)
FNDA:4,(anonymous_5)
FNDA:8,(anonymous_6)
FNDA:0,(anonymous_7)
FNDA:0,(anonymous_8)
DA:1,8
DA:32,6
DA:33,6
DA:34,6
DA:35,6
DA:36,6
DA:38,6
DA:39,6
DA:40,6
DA:42,6
DA:43,6
DA:44,6
DA:45,6
DA:46,6
DA:47,6
DA:48,6
DA:49,6
DA:50,6
DA:57,6
DA:58,6
DA:71,6
DA:78,4
DA:79,4
DA:113,4
DA:114,4
DA:117,8
DA:125,4
DA:133,8
DA:141,0
DA:145,0
DA:156,8
DA:157,8
LF:32
LH:30
BRF:0
BRH:0
end_of_record
TN:
SF:/home/badquanta/Projects/pixeldeck/lib/mdl/TiledMapUsesSet.js
FN:14,(anonymous_0)
FN:26,(anonymous_1)
FN:40,(anonymous_2)
FNF:3
FNH:2
FNDA:0,(anonymous_0)
FNDA:4,(anonymous_1)
FNDA:4,(anonymous_2)
DA:1,8
DA:15,0
DA:16,0
DA:17,0
DA:18,0
DA:19,0
DA:27,4
DA:41,4
DA:75,8
DA:76,8
LF:10
LH:5
BRF:0
BRH:0
end_of_record
TN:
SF:/home/badquanta/Projects/pixeldeck/lib/mdl/TiledModel.js
FN:23,(anonymous_0)
FN:27,(anonymous_1)
FN:31,(anonymous_2)
FN:38,(anonymous_3)
FN:46,(anonymous_4)
FN:54,(anonymous_5)
FN:67,(anonymous_6)
FN:81,(anonymous_7)
FN:98,(anonymous_8)
FN:112,(anonymous_9)
FN:117,(anonymous_10)
FN:120,(anonymous_11)
FN:130,(anonymous_12)
FN:136,(anonymous_13)
FN:144,(anonymous_14)
FN:145,(anonymous_15)
FN:147,(anonymous_16)
FN:162,(anonymous_17)
FN:169,(anonymous_18)
FN:176,(anonymous_19)
FN:185,(anonymous_20)
FN:201,(anonymous_21)
FNF:22
FNH:21
FNDA:1066,(anonymous_0)
FNDA:12,(anonymous_1)
FNDA:56,(anonymous_2)
FNDA:2318,(anonymous_3)
FNDA:52,(anonymous_4)
FNDA:52,(anonymous_5)
FNDA:52,(anonymous_6)
FNDA:39,(anonymous_7)
FNDA:23,(anonymous_8)
FNDA:70,(anonymous_9)
FNDA:70,(anonymous_10)
FNDA:69,(anonymous_11)
FNDA:22,(anonymous_12)
FNDA:36,(anonymous_13)
FNDA:401,(anonymous_14)
FNDA:401,(anonymous_15)
FNDA:401,(anonymous_16)
FNDA:3,(anonymous_17)
FNDA:40,(anonymous_18)
FNDA:39,(anonymous_19)
FNDA:36,(anonymous_20)
FNDA:0,(anonymous_21)
DA:11,8
DA:23,1066
DA:27,12
DA:32,56
DA:39,2318
DA:47,52
DA:55,52
DA:61,52
DA:68,52
DA:74,52
DA:82,39
DA:89,39
DA:90,39
DA:99,23
DA:100,23
DA:111,23
DA:116,70
DA:119,70
DA:122,69
DA:124,69
DA:132,22
DA:137,36
DA:145,401
DA:146,401
DA:147,401
DA:148,401
DA:149,397
DA:150,397
DA:152,4
DA:153,4
DA:163,3
DA:170,40
DA:171,39
DA:172,36
DA:176,39
DA:177,39
DA:186,36
DA:187,36
DA:188,36
DA:189,36
DA:191,0
DA:202,0
DA:204,0
DA:209,0
DA:210,0
DA:211,0
DA:212,0
DA:213,0
DA:215,0
DA:216,0
DA:217,0
DA:221,8
LF:52
LH:41
BRDA:23,0,0,0
BRDA:23,0,1,1066
BRDA:98,1,0,0
BRDA:99,2,0,23
BRDA:99,2,1,4
BRDA:100,3,0,23
BRDA:100,3,1,4
BRDA:144,4,0,351
BRDA:148,5,0,397
BRDA:148,5,1,4
BRDA:169,6,0,40
BRDA:171,7,0,36
BRDA:171,7,1,3
BRDA:185,8,0,36
BRDA:187,9,0,36
BRDA:187,9,1,0
BRDA:201,10,0,0
BRDA:212,11,0,0
BRDA:212,11,1,0
BRDA:215,12,0,0
BRDA:215,12,1,0
BRF:21
BRH:13
end_of_record
TN:
SF:/home/badquanta/Projects/pixeldeck/lib/mdl/TiledObject.js
FN:10,(anonymous_0)
FN:35,(anonymous_1)
FN:57,(anonymous_2)
FN:65,(anonymous_3)
FN:69,(anonymous_4)
FN:78,(anonymous_5)
FN:86,(anonymous_6)
FNF:7
FNH:7
FNDA:5,(anonymous_0)
FNDA:4,(anonymous_1)
FNDA:5,(anonymous_2)
FNDA:4,(anonymous_3)
FNDA:8,(anonymous_4)
FNDA:8,(anonymous_5)
FNDA:8,(anonymous_6)
DA:1,8
DA:11,5
DA:12,5
DA:13,5
DA:14,5
DA:16,5
DA:17,5
DA:18,5
DA:19,5
DA:22,5
DA:23,5
DA:24,5
DA:25,5
DA:26,5
DA:27,5
DA:28,5
DA:29,5
DA:36,4
DA:37,4
DA:58,5
DA:59,5
DA:66,4
DA:69,8
DA:78,8
DA:86,8
DA:96,8
DA:97,8
LF:27
LH:27
BRF:0
BRH:0
end_of_record
TN:
SF:/home/badquanta/Projects/pixeldeck/lib/mdl/TiledPoint.js
FN:15,(anonymous_0)
FNF:1
FNH:0
FNDA:0,(anonymous_0)
DA:1,4
DA:16,0
DA:17,0
DA:18,0
DA:19,0
DA:20,0
DA:21,0
DA:22,0
DA:25,4
DA:26,4
LF:10
LH:3
BRF:0
BRH:0
end_of_record
TN:
SF:/home/badquanta/Projects/pixeldeck/lib/mdl/TiledProperties.js
FN:19,(anonymous_0)
FN:40,(anonymous_1)
FNF:2
FNH:1
FNDA:0,(anonymous_0)
FNDA:4,(anonymous_1)
DA:20,0
DA:21,0
DA:22,0
DA:23,0
DA:25,0
DA:26,0
DA:27,0
DA:28,0
DA:29,0
DA:30,0
DA:31,0
DA:32,0
DA:33,0
DA:34,0
DA:41,4
DA:49,8
DA:50,8
LF:17
LH:3
BRF:0
BRH:0
end_of_record
TN:
SF:/home/badquanta/Projects/pixeldeck/lib/mdl/TiledSet.js
FN:18,(anonymous_0)
FN:171,(anonymous_1)
FN:200,(anonymous_2)
FN:212,(anonymous_3)
FN:225,(anonymous_4)
FN:259,(anonymous_5)
FN:270,(anonymous_6)
FN:281,(anonymous_7)
FNF:8
FNH:7
FNDA:4,(anonymous_0)
FNDA:4,(anonymous_1)
FNDA:4,(anonymous_2)
FNDA:4,(anonymous_3)
FNDA:4,(anonymous_4)
FNDA:8,(anonymous_5)
FNDA:8,(anonymous_6)
FNDA:0,(anonymous_7)
DA:19,4
DA:27,4
DA:35,4
DA:44,4
DA:52,4
DA:60,4
DA:68,4
DA:76,4
DA:84,4
DA:92,4
DA:100,4
DA:108,4
DA:116,4
DA:124,4
DA:132,4
DA:140,4
DA:149,4
DA:157,4
DA:165,4
DA:172,4
DA:201,4
DA:213,4
DA:219,4
DA:226,4
DA:259,8
DA:270,8
DA:281,0
DA:291,8
DA:292,8
LF:29
LH:28
BRF:0
BRH:0
end_of_record
TN:
SF:/home/badquanta/Projects/pixeldeck/lib/mdl/TiledTerrain.js
FN:6,(anonymous_0)
FNF:1
FNH:1
FNDA:4,(anonymous_0)
DA:1,4
DA:7,4
DA:8,4
DA:9,4
DA:10,4
DA:11,4
DA:15,4
DA:16,4
LF:8
LH:8
BRF:0
BRH:0
end_of_record
TN:
SF:/home/badquanta/Projects/pixeldeck/lib/mdl/TiledTile.js
FN:9,(anonymous_0)
FN:76,(anonymous_1)
FN:82,(anonymous_2)
FN:88,(anonymous_3)
FN:93,(anonymous_4)
FN:102,(anonymous_5)
FN:110,(anonymous_6)
FNF:7
FNH:5
FNDA:4,(anonymous_0)
FNDA:4,(anonymous_1)
FNDA:12,(anonymous_2)
FNDA:4,(anonymous_3)
FNDA:0,(anonymous_4)
FNDA:0,(anonymous_5)
FNDA:8,(anonymous_6)
DA:1,4
DA:10,4
DA:18,4
DA:19,4
DA:27,4
DA:34,4
DA:42,4
DA:48,4
DA:54,4
DA:55,4
DA:61,4
DA:67,4
DA:73,4
DA:77,4
DA:78,4
DA:81,4
DA:82,4
DA:83,12
DA:85,4
DA:89,4
DA:93,0
DA:102,0
DA:110,8
DA:120,4
DA:121,4
LF:25
LH:23
BRF:0
BRH:0
end_of_record
TN:
SF:/home/badquanta/Projects/pixeldeck/lib/mdl/TiledWorld.js
FNF:0
FNH:0
DA:4,0
DA:25,0
DA:38,0
LF:3
LH:0
BRF:0
BRH:0
end_of_record
TN:
SF:/home/badquanta/Projects/pixeldeck/lib/service/getRoot.js
FN:8,getRoot
FNF:1
FNH:1
FNDA:4,getRoot
DA:1,8
DA:9,4
LF:2
LH:2
BRF:0
BRH:0
end_of_record
TN:
SF:/home/badquanta/Projects/pixeldeck/lib/service/getTiledMapHtml.js
FN:14,getTiledMapHtml
FN:17,(anonymous_1)
FNF:2
FNH:0
FNDA:0,getTiledMapHtml
FNDA:0,(anonymous_1)
DA:1,8
DA:3,8
DA:4,8
DA:16,0
DA:17,0
DA:18,0
DA:19,0
DA:21,0
DA:22,0
DA:23,0
DA:25,0
DA:26,0
DA:27,0
DA:28,0
DA:29,0
LF:15
LH:3
BRDA:18,0,0,0
BRDA:18,0,1,0
BRDA:22,1,0,0
BRDA:22,1,1,0
BRF:4
BRH:0
end_of_record
TN:
SF:/home/badquanta/Projects/pixeldeck/lib/service/getTiledMapSvg.js
FN:12,getTiledMapSvg
FNF:1
FNH:0
FNDA:0,getTiledMapSvg
DA:1,8
DA:3,8
DA:13,0
DA:15,0
DA:17,0
DA:18,0
DA:19,0
DA:20,0
DA:21,0
DA:22,0
LF:10
LH:2
BRF:0
BRH:0
end_of_record
TN:
SF:/home/badquanta/Projects/pixeldeck/lib/service/getTiledMapsList.js
FN:3,getTiledMapsList
FNF:1
FNH:0
FNDA:0,getTiledMapsList
DA:1,8
DA:4,0
DA:6,0
LF:3
LH:1
BRF:0
BRH:0
end_of_record
TN:
SF:/home/badquanta/Projects/pixeldeck/lib/service/getTiledSetSvg.js
FN:14,getTiledSetSvg
FNF:1
FNH:0
FNDA:0,getTiledSetSvg
DA:1,8
DA:3,8
DA:15,0
DA:16,0
DA:17,0
DA:18,0
DA:19,0
DA:20,0
DA:21,0
DA:23,0
LF:10
LH:2
BRF:0
BRH:0
end_of_record
TN:
SF:/home/badquanta/Projects/pixeldeck/lib/ui/index.js
FN:22,(anonymous_0)
FN:38,(anonymous_1)
FN:42,(anonymous_2)
FN:63,(anonymous_3)
FNF:4
FNH:1
FNDA:0,(anonymous_0)
FNDA:0,(anonymous_1)
FNDA:0,(anonymous_2)
FNDA:8,(anonymous_3)
DA:2,8
DA:7,8
DA:8,8
DA:14,8
DA:23,0
DA:24,0
DA:25,0
DA:26,0
DA:29,0
DA:30,0
DA:36,0
DA:37,0
DA:38,0
DA:39,0
DA:40,0
DA:41,0
DA:42,0
DA:43,0
DA:44,0
DA:46,0
DA:51,0
DA:52,0
DA:55,0
DA:64,8
DA:65,8
DA:66,8
DA:72,0
DA:73,0
DA:74,0
DA:75,0
DA:77,0
DA:78,0
DA:79,0
DA:84,0
DA:86,0
LF:35
LH:7
BRDA:22,0,0,0
BRDA:24,1,0,0
BRDA:24,1,1,0
BRDA:29,2,0,0
BRDA:29,2,1,0
BRDA:29,3,0,0
BRDA:29,3,1,0
BRDA:64,4,0,8
BRDA:64,4,1,0
BRF:9
BRH:1
end_of_record
TN:
SF:/home/badquanta/Projects/pixeldeck/scripts/updateMan.js
FN:15,(anonymous_0)
FNF:1
FNH:0
FNDA:0,(anonymous_0)
DA:2,0
DA:3,0
DA:4,0
DA:5,0
DA:6,0
DA:7,0
DA:8,0
DA:9,0
DA:11,0
DA:12,0
DA:16,0
DA:17,0
DA:18,0
DA:19,0
LF:14
LH:0
BRDA:11,0,0,0
BRDA:11,0,1,0
BRDA:16,1,0,0
BRDA:16,1,1,0
BRF:4
BRH:0
end_of_record
