TN:
SF:/home/badquanta/Projects/pixeldeck/bin/pixeldeck-mkSet.js
FN:20,mkSet
FNF:1
FNH:0
FNDA:0,mkSet
DA:6,0
DA:7,0
DA:8,0
DA:9,0
DA:10,0
DA:11,0
DA:12,0
DA:13,0
DA:18,0
DA:21,0
DA:23,0
DA:24,0
DA:25,0
DA:26,0
DA:27,0
DA:29,0
DA:30,0
DA:31,0
DA:33,0
DA:34,0
DA:35,0
DA:36,0
DA:38,0
DA:45,0
DA:46,0
DA:48,0
DA:50,0
DA:51,0
DA:54,0
DA:55,0
LF:30
LH:0
BRDA:26,0,0,0
BRDA:26,0,1,0
BRDA:26,1,0,0
BRDA:26,1,1,0
BRDA:30,2,0,0
BRDA:30,2,1,0
BRDA:45,3,0,0
BRDA:45,3,1,0
BRDA:54,4,0,0
BRDA:54,4,1,0
BRF:10
BRH:0
end_of_record
TN:
SF:/home/badquanta/Projects/pixeldeck/bin/pixeldeck-serve.js
FNF:0
FNH:0
DA:2,0
LF:1
LH:0
BRDA:2,0,0,0
BRDA:2,0,1,0
BRF:2
BRH:0
end_of_record
TN:
SF:/home/badquanta/Projects/pixeldeck/lib/arch.js
FN:12,(anonymous_0)
FN:21,(anonymous_1)
FN:30,(anonymous_2)
FN:36,(anonymous_3)
FN:40,(anonymous_4)
FN:44,(anonymous_5)
FN:55,(anonymous_6)
FN:58,(anonymous_7)
FN:59,(anonymous_8)
FN:75,(anonymous_9)
FN:99,(anonymous_10)
FN:104,(anonymous_11)
FNF:12
FNH:5
FNDA:56,(anonymous_0)
FNDA:34,(anonymous_1)
FNDA:0,(anonymous_2)
FNDA:0,(anonymous_3)
FNDA:0,(anonymous_4)
FNDA:0,(anonymous_5)
FNDA:0,(anonymous_6)
FNDA:0,(anonymous_7)
FNDA:0,(anonymous_8)
FNDA:9,(anonymous_9)
FNDA:20,(anonymous_10)
FNDA:121,(anonymous_11)
DA:6,4
DA:13,56
DA:22,34
DA:31,0
DA:37,0
DA:41,0
DA:45,0
DA:56,0
DA:59,0
DA:60,0
DA:76,9
DA:77,9
DA:78,8
DA:79,10
DA:81,8
DA:83,9
DA:84,9
DA:85,9
DA:86,12
DA:87,11
DA:88,1
DA:90,8
DA:100,20
DA:101,20
DA:102,20
DA:104,20
DA:105,121
DA:106,107
DA:109,20
DA:111,0
DA:112,0
DA:114,0
DA:117,20
LF:33
LH:23
BRDA:75,0,0,1
BRDA:77,1,0,8
BRDA:77,1,1,1
BRDA:86,2,0,11
BRDA:86,2,1,1
BRDA:102,3,0,20
BRDA:102,3,1,0
BRDA:102,3,2,0
BRDA:105,4,0,107
BRDA:105,4,1,14
BRF:10
BRH:8
end_of_record
TN:
SF:/home/badquanta/Projects/pixeldeck/lib/cfg.js
FNF:0
FNH:0
DA:7,5
DA:8,5
LF:2
LH:2
BRF:0
BRH:0
end_of_record
TN:
SF:/home/badquanta/Projects/pixeldeck/lib/data.js
FN:10,(anonymous_0)
FN:15,(anonymous_1)
FN:20,(anonymous_2)
FNF:3
FNH:3
FNDA:1,(anonymous_0)
FNDA:11,(anonymous_1)
FNDA:10,(anonymous_2)
DA:6,5
DA:10,1
DA:15,11
DA:20,10
LF:4
LH:4
BRF:0
BRH:0
end_of_record
TN:
SF:/home/badquanta/Projects/pixeldeck/lib/dbg.js
FNF:0
FNH:0
DA:8,5
LF:1
LH:1
BRF:0
BRH:0
end_of_record
TN:
SF:/home/badquanta/Projects/pixeldeck/lib/index.js
FN:17,(anonymous_0)
FN:22,(anonymous_1)
FN:29,(anonymous_2)
FN:36,(anonymous_3)
FN:43,(anonymous_4)
FN:50,(anonymous_5)
FNF:6
FNH:6
FNDA:2,(anonymous_0)
FNDA:2,(anonymous_1)
FNDA:21,(anonymous_2)
FNDA:2,(anonymous_3)
FNDA:2,(anonymous_4)
FNDA:15,(anonymous_5)
DA:11,5
DA:17,2
DA:23,2
DA:30,21
DA:37,2
DA:44,2
DA:51,15
LF:7
LH:7
BRF:0
BRH:0
end_of_record
TN:
SF:/home/badquanta/Projects/pixeldeck/lib/server.js
FN:19,(anonymous_0)
FN:20,(anonymous_1)
FN:21,(anonymous_2)
FN:22,(anonymous_3)
FN:23,(anonymous_4)
FN:24,(anonymous_5)
FN:25,(anonymous_6)
FN:34,Restart
FN:45,(anonymous_8)
FN:67,Start
FN:104,Stop
FN:111,(anonymous_11)
FN:112,(anonymous_12)
FN:120,(anonymous_13)
FN:122,(anonymous_14)
FN:126,(anonymous_15)
FN:128,(anonymous_16)
FN:132,(anonymous_17)
FNF:18
FNH:16
FNDA:0,(anonymous_0)
FNDA:6,(anonymous_1)
FNDA:6,(anonymous_2)
FNDA:4,(anonymous_3)
FNDA:4,(anonymous_4)
FNDA:7,(anonymous_5)
FNDA:7,(anonymous_6)
FNDA:4,Restart
FNDA:4110,(anonymous_8)
FNDA:6,Start
FNDA:7,Stop
FNDA:7,(anonymous_11)
FNDA:7,(anonymous_12)
FNDA:7,(anonymous_13)
FNDA:7,(anonymous_14)
FNDA:7,(anonymous_15)
FNDA:0,(anonymous_16)
FNDA:7,(anonymous_17)
DA:6,5
DA:12,5
DA:13,5
DA:14,5
DA:15,5
DA:17,5
DA:19,5
DA:20,6
DA:21,6
DA:22,5
DA:23,5
DA:24,7
DA:25,7
DA:39,4
DA:40,4
DA:41,4
DA:42,4
DA:44,4
DA:45,4
DA:46,4110
DA:47,4102
DA:50,4
DA:57,4
DA:58,4
DA:59,4
DA:72,6
DA:74,6
DA:75,6
DA:76,6
DA:77,6
DA:78,0
DA:79,0
DA:80,0
DA:95,6
DA:96,6
DA:109,7
DA:110,7
DA:112,7
DA:113,7
DA:114,1
DA:116,6
DA:121,7
DA:122,7
DA:123,7
DA:127,7
DA:128,7
DA:129,0
DA:137,7
DA:141,5
LF:49
LH:45
BRDA:46,0,0,4102
BRDA:46,0,1,8
BRDA:77,1,0,0
BRDA:77,1,1,6
BRDA:113,2,0,1
BRDA:113,2,1,6
BRF:6
BRH:5
end_of_record
TN:
SF:/home/badquanta/Projects/pixeldeck/lib/service.js
FNF:0
FNH:0
DA:5,5
DA:14,5
DA:16,5
DA:18,5
DA:19,5
DA:20,5
DA:21,5
DA:22,5
DA:23,5
DA:24,5
DA:25,5
DA:26,5
DA:27,5
DA:28,5
LF:14
LH:14
BRF:0
BRH:0
end_of_record
TN:
SF:/home/badquanta/Projects/pixeldeck/lib/cli/_MakeCmd.js
FN:8,(anonymous_0)
FN:17,(anonymous_1)
FN:27,(anonymous_2)
FN:31,(anonymous_3)
FN:37,(anonymous_4)
FN:38,(anonymous_5)
FN:39,(anonymous_6)
FN:45,(anonymous_7)
FNF:8
FNH:0
FNDA:0,(anonymous_0)
FNDA:0,(anonymous_1)
FNDA:0,(anonymous_2)
FNDA:0,(anonymous_3)
FNDA:0,(anonymous_4)
FNDA:0,(anonymous_5)
FNDA:0,(anonymous_6)
FNDA:0,(anonymous_7)
DA:1,0
DA:2,0
DA:3,0
DA:9,0
DA:10,0
DA:11,0
DA:12,0
DA:13,0
DA:14,0
DA:18,0
DA:19,0
DA:20,0
DA:21,0
DA:23,0
DA:24,0
DA:28,0
DA:32,0
DA:33,0
DA:34,0
DA:38,0
DA:39,0
DA:40,0
DA:46,0
DA:47,0
DA:58,0
DA:59,0
DA:60,0
DA:61,0
DA:62,0
DA:63,0
DA:66,0
DA:67,0
LF:32
LH:0
BRDA:19,0,0,0
BRDA:19,0,1,0
BRDA:20,1,0,0
BRDA:20,1,1,0
BRDA:32,2,0,0
BRDA:32,2,1,0
BRDA:45,3,0,0
BRF:7
BRH:0
end_of_record
TN:
SF:/home/badquanta/Projects/pixeldeck/lib/cli/pixeldeck-mkMap.js
FN:8,(anonymous_0)
FNF:1
FNH:0
FNDA:0,(anonymous_0)
DA:2,0
DA:3,0
DA:4,0
DA:9,0
DA:10,0
DA:11,0
DA:12,0
DA:13,0
DA:15,0
DA:16,0
DA:17,0
DA:18,0
DA:19,0
DA:20,0
DA:21,0
DA:26,0
DA:27,0
DA:32,0
DA:37,0
DA:38,0
DA:39,0
DA:40,0
DA:42,0
LF:23
LH:0
BRDA:10,0,0,0
BRDA:10,0,1,0
BRDA:12,1,0,0
BRDA:12,1,1,0
BRDA:37,2,0,0
BRDA:37,2,1,0
BRF:6
BRH:0
end_of_record
TN:
SF:/home/badquanta/Projects/pixeldeck/lib/data/Model.js
FN:7,(anonymous_0)
FN:11,(anonymous_1)
FN:15,(anonymous_2)
FN:17,(anonymous_3)
FN:19,(anonymous_4)
FN:21,(anonymous_5)
FN:32,(anonymous_6)
FN:46,(anonymous_7)
FN:54,(anonymous_8)
FN:60,(anonymous_9)
FN:66,(anonymous_10)
FN:71,(anonymous_11)
FN:77,(anonymous_12)
FN:78,(anonymous_13)
FN:83,(anonymous_14)
FN:91,(anonymous_15)
FN:97,(anonymous_16)
FN:101,(anonymous_17)
FNF:18
FNH:0
FNDA:0,(anonymous_0)
FNDA:0,(anonymous_1)
FNDA:0,(anonymous_2)
FNDA:0,(anonymous_3)
FNDA:0,(anonymous_4)
FNDA:0,(anonymous_5)
FNDA:0,(anonymous_6)
FNDA:0,(anonymous_7)
FNDA:0,(anonymous_8)
FNDA:0,(anonymous_9)
FNDA:0,(anonymous_10)
FNDA:0,(anonymous_11)
FNDA:0,(anonymous_12)
FNDA:0,(anonymous_13)
FNDA:0,(anonymous_14)
FNDA:0,(anonymous_15)
FNDA:0,(anonymous_16)
FNDA:0,(anonymous_17)
DA:1,0
DA:8,0
DA:12,0
DA:15,0
DA:17,0
DA:19,0
DA:21,0
DA:33,0
DA:47,0
DA:55,0
DA:60,0
DA:67,0
DA:71,0
DA:78,0
DA:79,0
DA:84,0
DA:92,0
DA:93,0
DA:94,0
DA:98,0
DA:102,0
LF:21
LH:0
BRF:0
BRH:0
end_of_record
TN:
SF:/home/badquanta/Projects/pixeldeck/lib/data/TileMaps.js
FN:17,(anonymous_0)
FN:22,(anonymous_1)
FN:27,(anonymous_2)
FN:32,(anonymous_3)
FN:37,(anonymous_4)
FN:42,(anonymous_5)
FN:47,(anonymous_6)
FN:52,(anonymous_7)
FN:57,(anonymous_8)
FN:62,(anonymous_9)
FN:67,(anonymous_10)
FN:70,(anonymous_11)
FN:83,(anonymous_12)
FN:85,(anonymous_13)
FN:85,(anonymous_14)
FN:92,(anonymous_15)
FN:97,(anonymous_16)
FN:102,(anonymous_17)
FN:107,(anonymous_18)
FN:112,(anonymous_19)
FN:119,(anonymous_20)
FN:127,(anonymous_21)
FNF:22
FNH:21
FNDA:11,(anonymous_0)
FNDA:5,(anonymous_1)
FNDA:4,(anonymous_2)
FNDA:5,(anonymous_3)
FNDA:5,(anonymous_4)
FNDA:2,(anonymous_5)
FNDA:2,(anonymous_6)
FNDA:2,(anonymous_7)
FNDA:919,(anonymous_8)
FNDA:1,(anonymous_9)
FNDA:910,(anonymous_10)
FNDA:2,(anonymous_11)
FNDA:1,(anonymous_12)
FNDA:1,(anonymous_13)
FNDA:1,(anonymous_14)
FNDA:919,(anonymous_15)
FNDA:5,(anonymous_16)
FNDA:2,(anonymous_17)
FNDA:11,(anonymous_18)
FNDA:1,(anonymous_19)
FNDA:1,(anonymous_20)
FNDA:0,(anonymous_21)
DA:4,3
DA:6,3
DA:8,3
DA:10,3
DA:18,11
DA:23,5
DA:28,4
DA:33,5
DA:38,5
DA:43,2
DA:48,2
DA:53,2
DA:58,919
DA:63,1
DA:68,910
DA:69,2
DA:70,2
DA:71,2
DA:72,2
DA:76,0
DA:80,910
DA:84,1
DA:85,1
DA:86,1
DA:87,1
DA:93,919
DA:98,5
DA:103,2
DA:108,11
DA:113,1
DA:120,1
DA:128,0
DA:131,3
DA:134,3
DA:135,3
LF:35
LH:33
BRDA:68,0,0,2
BRDA:68,0,1,908
BRDA:71,1,0,2
BRDA:71,1,1,0
BRDA:127,2,0,0
BRDA:127,3,0,0
BRF:6
BRH:3
end_of_record
TN:
SF:/home/badquanta/Projects/pixeldeck/lib/data/TileSet.js
FN:5,(anonymous_0)
FN:9,(anonymous_1)
FNF:2
FNH:0
FNDA:0,(anonymous_0)
FNDA:0,(anonymous_1)
DA:6,0
DA:10,0
DA:18,0
LF:3
LH:0
BRF:0
BRH:0
end_of_record
TN:
SF:/home/badquanta/Projects/pixeldeck/lib/data/TileSets.js
FN:15,(anonymous_0)
FN:20,(anonymous_1)
FN:25,(anonymous_2)
FN:30,(anonymous_3)
FN:35,(anonymous_4)
FN:40,(anonymous_5)
FN:45,(anonymous_6)
FN:50,(anonymous_7)
FN:55,(anonymous_8)
FN:60,(anonymous_9)
FN:65,(anonymous_10)
FN:70,(anonymous_11)
FN:75,(anonymous_12)
FN:80,(anonymous_13)
FN:85,(anonymous_14)
FN:91,(anonymous_15)
FN:98,(anonymous_16)
FN:105,(anonymous_17)
FN:113,(anonymous_18)
FN:116,(anonymous_19)
FN:120,(anonymous_20)
FN:125,(anonymous_21)
FNF:22
FNH:21
FNDA:4097,(anonymous_0)
FNDA:2,(anonymous_1)
FNDA:67,(anonymous_2)
FNDA:2114,(anonymous_3)
FNDA:1,(anonymous_4)
FNDA:3866,(anonymous_5)
FNDA:1,(anonymous_6)
FNDA:1,(anonymous_7)
FNDA:2,(anonymous_8)
FNDA:4162,(anonymous_9)
FNDA:2050,(anonymous_10)
FNDA:6145,(anonymous_11)
FNDA:2,(anonymous_12)
FNDA:1,(anonymous_13)
FNDA:2,(anonymous_14)
FNDA:0,(anonymous_15)
FNDA:1,(anonymous_16)
FNDA:2048,(anonymous_17)
FNDA:1,(anonymous_18)
FNDA:1,(anonymous_19)
FNDA:2048,(anonymous_20)
FNDA:1,(anonymous_21)
DA:3,4
DA:5,4
DA:7,4
DA:8,4
DA:16,4097
DA:21,2
DA:26,67
DA:31,2114
DA:36,1
DA:41,3866
DA:46,1
DA:51,1
DA:56,2
DA:61,4162
DA:66,2050
DA:71,6145
DA:76,2
DA:81,1
DA:86,2
DA:92,0
DA:94,0
DA:99,1
DA:101,1
DA:102,1
DA:106,2048
DA:114,1
DA:115,1
DA:116,1
DA:117,1
DA:118,1
DA:119,1
DA:120,1
DA:121,2048
DA:122,2048
DA:123,2048
DA:125,1
DA:126,1
DA:127,1
DA:128,1
DA:136,4
DA:240,4
DA:242,4
LF:42
LH:40
BRDA:114,0,0,0
BRDA:114,0,1,1
BRF:2
BRH:1
end_of_record
TN:
SF:/home/badquanta/Projects/pixeldeck/lib/data/_Model.js
FN:17,(anonymous_0)
FN:53,(anonymous_1)
FN:72,(anonymous_2)
FN:91,(anonymous_3)
FN:102,(anonymous_4)
FN:109,(anonymous_5)
FN:118,(anonymous_6)
FN:120,(anonymous_7)
FN:129,(anonymous_8)
FN:134,(anonymous_9)
FN:143,(anonymous_10)
FN:154,(anonymous_11)
FNF:12
FNH:7
FNDA:13,(anonymous_0)
FNDA:9,(anonymous_1)
FNDA:8,(anonymous_2)
FNDA:9,(anonymous_3)
FNDA:53,(anonymous_4)
FNDA:0,(anonymous_5)
FNDA:0,(anonymous_6)
FNDA:0,(anonymous_7)
FNDA:0,(anonymous_8)
FNDA:0,(anonymous_9)
FNDA:22,(anonymous_10)
FNDA:1,(anonymous_11)
DA:2,4
DA:4,4
DA:19,13
DA:20,11
DA:21,11
DA:22,11
DA:24,2
DA:28,2
DA:30,13
DA:44,13
DA:54,9
DA:55,9
DA:56,9
DA:57,9
DA:58,1
DA:59,1
DA:61,8
DA:62,8
DA:73,8
DA:74,7
DA:75,7
DA:76,7
DA:78,7
DA:79,7
DA:81,0
DA:92,9
DA:93,9
DA:94,9
DA:95,9
DA:96,8
DA:103,53
DA:110,0
DA:119,0
DA:120,0
DA:121,0
DA:130,0
DA:131,0
DA:135,0
DA:136,0
DA:144,22
DA:158,1
DA:162,4
LF:42
LH:33
BRDA:17,0,0,1
BRDA:19,1,0,11
BRDA:19,1,1,2
BRDA:22,2,0,11
BRDA:22,2,1,10
BRDA:57,3,0,1
BRDA:57,3,1,8
BRDA:75,4,0,7
BRDA:75,4,1,0
BRDA:92,5,0,3
BRDA:92,5,1,6
BRDA:95,6,0,8
BRDA:95,6,1,1
BRDA:131,7,0,0
BRDA:131,7,1,0
BRDA:136,8,0,0
BRDA:136,8,1,0
BRF:17
BRH:12
end_of_record
TN:
SF:/home/badquanta/Projects/pixeldeck/lib/data/base.js
FN:33,(anonymous_0)
FN:39,(anonymous_1)
FN:44,onAutoload
FN:58,onAutosave
FN:96,(anonymous_4)
FNF:5
FNH:3
FNDA:7,(anonymous_0)
FNDA:7,(anonymous_1)
FNDA:0,onAutoload
FNDA:0,onAutosave
FNDA:7,(anonymous_4)
DA:12,7
DA:18,7
DA:20,7
DA:22,7
DA:34,7
DA:39,7
DA:44,7
DA:49,0
DA:50,0
DA:51,0
DA:52,0
DA:58,7
DA:64,0
DA:65,0
DA:66,0
DA:67,0
DA:70,7
DA:79,7
DA:85,7
DA:91,7
DA:96,7
DA:97,7
DA:98,7
DA:101,7
LF:24
LH:16
BRF:0
BRH:0
end_of_record
TN:
SF:/home/badquanta/Projects/pixeldeck/lib/service/getRoot.js
FN:8,getRoot
FNF:1
FNH:1
FNDA:1,getRoot
DA:1,5
DA:9,1
LF:2
LH:2
BRF:0
BRH:0
end_of_record
TN:
SF:/home/badquanta/Projects/pixeldeck/lib/service/getTileMapHtml.js
FN:14,getTileMapHtml
FNF:1
FNH:1
FNDA:1,getTileMapHtml
DA:1,5
DA:3,5
DA:5,5
DA:15,1
DA:16,1
DA:17,1
DA:18,1
DA:19,1
LF:8
LH:8
BRF:0
BRH:0
end_of_record
TN:
SF:/home/badquanta/Projects/pixeldeck/lib/service/getTileMapSvg.js
FN:12,getTileMapSvg
FNF:1
FNH:1
FNDA:1,getTileMapSvg
DA:1,5
DA:3,5
DA:4,5
DA:13,1
DA:15,1
DA:17,1
DA:18,1
DA:19,1
DA:20,1
DA:21,1
DA:22,1
LF:11
LH:11
BRF:0
BRH:0
end_of_record
TN:
SF:/home/badquanta/Projects/pixeldeck/lib/service/getTileMapsList.js
FN:3,getTileMapsList
FNF:1
FNH:0
FNDA:0,getTileMapsList
DA:1,5
DA:4,0
DA:6,0
LF:3
LH:1
BRF:0
BRH:0
end_of_record
TN:
SF:/home/badquanta/Projects/pixeldeck/lib/service/getTileSetSvg.js
FN:14,getTileSetSvg
FNF:1
FNH:1
FNDA:1,getTileSetSvg
DA:1,5
DA:3,5
DA:5,5
DA:15,1
DA:16,1
DA:17,1
DA:18,1
DA:19,1
DA:20,1
DA:21,1
DA:23,1
LF:11
LH:11
BRF:0
BRH:0
end_of_record
TN:
SF:/home/badquanta/Projects/pixeldeck/lib/ui/index.js
FN:22,(anonymous_0)
FN:38,(anonymous_1)
FN:42,(anonymous_2)
FN:62,(anonymous_3)
FNF:4
FNH:1
FNDA:0,(anonymous_0)
FNDA:0,(anonymous_1)
FNDA:0,(anonymous_2)
FNDA:7,(anonymous_3)
DA:2,5
DA:7,5
DA:8,5
DA:14,5
DA:23,0
DA:24,0
DA:25,0
DA:26,0
DA:29,0
DA:30,0
DA:36,0
DA:37,0
DA:38,0
DA:39,0
DA:40,0
DA:41,0
DA:42,0
DA:43,0
DA:44,0
DA:50,0
DA:51,0
DA:54,0
DA:63,7
DA:64,7
DA:65,7
DA:71,0
DA:72,0
DA:73,0
DA:74,0
DA:76,0
DA:77,0
DA:78,0
DA:83,0
DA:85,0
LF:34
LH:7
BRDA:22,0,0,0
BRDA:24,1,0,0
BRDA:24,1,1,0
BRDA:29,2,0,0
BRDA:29,2,1,0
BRDA:29,3,0,0
BRDA:29,3,1,0
BRDA:63,4,0,7
BRDA:63,4,1,0
BRF:9
BRH:1
end_of_record
TN:
SF:/home/badquanta/Projects/pixeldeck/scripts/updateMan.js
FN:15,(anonymous_0)
FNF:1
FNH:0
FNDA:0,(anonymous_0)
DA:2,0
DA:3,0
DA:4,0
DA:5,0
DA:6,0
DA:7,0
DA:8,0
DA:9,0
DA:11,0
DA:12,0
DA:16,0
DA:17,0
DA:18,0
DA:19,0
LF:14
LH:0
BRDA:11,0,0,0
BRDA:11,0,1,0
BRDA:16,1,0,0
BRDA:16,1,1,0
BRF:4
BRH:0
end_of_record
